# JRE version: OpenJDK Runtime Environment Corretto-17.0.9.8.1 (17.0.9+8) (build 17.0.9+8-LTS)
# Java VM: OpenJDK 64-Bit Server VM Corretto-17.0.9.8.1 (17.0.9+8-LTS, mixed mode, sharing, tiered, compressed oops, compressed class ptrs, g1 gc, windows-amd64)
GC Precious Log:
 CPUs: 8 total, 8 available
 Memory: 8086M
 Large Page Support: Disabled
 NUMA Support: Disabled
 Compressed Oops: Enabled (32-bit)
 Heap Region Size: 1M
 Heap Min Capacity: 8M
 Heap Initial Capacity: 128M
 Heap Max Capacity: 2022M
 Pre-touch: Disabled
 Parallel Workers: 8
 Concurrent Workers: 2
 Concurrent Refinement Workers: 8
 Periodic GC: Disabled
Heap:
 garbage-first heap   total 89088K, used 54302K [0x0000000081a00000, 0x0000000100000000)
  region size 1024K, 14 young (14336K), 3 survivors (3072K)
 Metaspace       used 89030K, committed 89728K, reserved 1179648K
  class space    used 12428K, committed 12800K, reserved 1048576K
GC Heap History (20 events):
Event: 25.111 GC heap before
{Heap before GC invocations=11 (full 0):
 garbage-first heap   total 73728K, used 55660K [0x0000000081a00000, 0x0000000100000000)
  region size 1024K, 31 young (31744K), 4 survivors (4096K)
 Metaspace       used 59875K, committed 60352K, reserved 1114112K
  class space    used 8168K, committed 8384K, reserved 1048576K
}
Event: 25.120 GC heap after
{Heap after GC invocations=12 (full 0):
 garbage-first heap   total 73728K, used 29731K [0x0000000081a00000, 0x0000000100000000)
  region size 1024K, 2 young (2048K), 2 survivors (2048K)
 Metaspace       used 59875K, committed 60352K, reserved 1114112K
  class space    used 8168K, committed 8384K, reserved 1048576K
}
Event: 25.255 GC heap before
{Heap before GC invocations=12 (full 0):
 garbage-first heap   total 73728K, used 29731K [0x0000000081a00000, 0x0000000100000000)
  region size 1024K, 3 young (3072K), 2 survivors (2048K)
 Metaspace       used 60078K, committed 60480K, reserved 1114112K
  class space    used 8208K, committed 8384K, reserved 1048576K
}
Event: 25.259 GC heap after
{Heap after GC invocations=13 (full 0):
 garbage-first heap   total 73728K, used 29386K [0x0000000081a00000, 0x0000000100000000)
  region size 1024K, 2 young (2048K), 2 survivors (2048K)
 Metaspace       used 60078K, committed 60480K, reserved 1114112K
  class space    used 8208K, committed 8384K, reserved 1048576K
}
Event: 26.376 GC heap before
{Heap before GC invocations=14 (full 0):
 garbage-first heap   total 73728K, used 57034K [0x0000000081a00000, 0x0000000100000000)
  region size 1024K, 29 young (29696K), 2 survivors (2048K)
 Metaspace       used 65201K, committed 65664K, reserved 1114112K
  class space    used 8954K, committed 9152K, reserved 1048576K
}
Event: 26.384 GC heap after
{Heap after GC invocations=15 (full 0):
 garbage-first heap   total 73728K, used 31023K [0x0000000081a00000, 0x0000000100000000)
  region size 1024K, 3 young (3072K), 3 survivors (3072K)
 Metaspace       used 65201K, committed 65664K, reserved 1114112K
  class space    used 8954K, committed 9152K, reserved 1048576K
}
Event: 27.063 GC heap before
{Heap before GC invocations=15 (full 0):
 garbage-first heap   total 73728K, used 57647K [0x0000000081a00000, 0x0000000100000000)
  region size 1024K, 29 young (29696K), 3 survivors (3072K)
 Metaspace       used 69227K, committed 69760K, reserved 1114112K
  class space    used 9578K, committed 9792K, reserved 1048576K
}
Event: 27.078 GC heap after
{Heap after GC invocations=16 (full 0):
 garbage-first heap   total 73728K, used 33056K [0x0000000081a00000, 0x0000000100000000)
  region size 1024K, 4 young (4096K), 4 survivors (4096K)
 Metaspace       used 69227K, committed 69760K, reserved 1114112K
  class space    used 9578K, committed 9792K, reserved 1048576K
}
Event: 27.731 GC heap before
{Heap before GC invocations=16 (full 0):
 garbage-first heap   total 73728K, used 56608K [0x0000000081a00000, 0x0000000100000000)
  region size 1024K, 28 young (28672K), 4 survivors (4096K)
 Metaspace       used 72014K, committed 72512K, reserved 1114112K
  class space    used 10120K, committed 10304K, reserved 1048576K
}
Event: 27.747 GC heap after
{Heap after GC invocations=17 (full 0):
 garbage-first heap   total 73728K, used 35540K [0x0000000081a00000, 0x0000000100000000)
  region size 1024K, 3 young (3072K), 3 survivors (3072K)
 Metaspace       used 72014K, committed 72512K, reserved 1114112K
  class space    used 10120K, committed 10304K, reserved 1048576K
}
Event: 28.294 GC heap before
{Heap before GC invocations=17 (full 0):
 garbage-first heap   total 73728K, used 58068K [0x0000000081a00000, 0x0000000100000000)
  region size 1024K, 25 young (25600K), 3 survivors (3072K)
 Metaspace       used 73557K, committed 74112K, reserved 1114112K
  class space    used 10323K, committed 10624K, reserved 1048576K
}
Event: 28.297 GC heap after
{Heap after GC invocations=18 (full 0):
 garbage-first heap   total 89088K, used 35315K [0x0000000081a00000, 0x0000000100000000)
  region size 1024K, 2 young (2048K), 2 survivors (2048K)
 Metaspace       used 73557K, committed 74112K, reserved 1114112K
  class space    used 10323K, committed 10624K, reserved 1048576K
}
Event: 29.047 GC heap before
{Heap before GC invocations=19 (full 0):
 garbage-first heap   total 89088K, used 71155K [0x0000000081a00000, 0x0000000100000000)
  region size 1024K, 37 young (37888K), 2 survivors (2048K)
 Metaspace       used 75054K, committed 75584K, reserved 1114112K
  class space    used 10562K, committed 10816K, reserved 1048576K
}
Event: 29.050 GC heap after
{Heap after GC invocations=20 (full 0):
 garbage-first heap   total 89088K, used 37138K [0x0000000081a00000, 0x0000000100000000)
  region size 1024K, 4 young (4096K), 4 survivors (4096K)
 Metaspace       used 75054K, committed 75584K, reserved 1114112K
  class space    used 10562K, committed 10816K, reserved 1048576K
}
Event: 30.073 GC heap before
{Heap before GC invocations=20 (full 0):
 garbage-first heap   total 89088K, used 70930K [0x0000000081a00000, 0x0000000100000000)
  region size 1024K, 37 young (37888K), 4 survivors (4096K)
 Metaspace       used 77936K, committed 78464K, reserved 1179648K
  class space    used 10958K, committed 11200K, reserved 1048576K
}
Event: 30.079 GC heap after
{Heap after GC invocations=21 (full 0):
 garbage-first heap   total 89088K, used 38857K [0x0000000081a00000, 0x0000000100000000)
  region size 1024K, 4 young (4096K), 4 survivors (4096K)
 Metaspace       used 77936K, committed 78464K, reserved 1179648K
  class space    used 10958K, committed 11200K, reserved 1048576K
}
Event: 37.263 GC heap before
{Heap before GC invocations=21 (full 0):
 garbage-first heap   total 89088K, used 72649K [0x0000000081a00000, 0x0000000100000000)
  region size 1024K, 37 young (37888K), 4 survivors (4096K)
 Metaspace       used 83021K, committed 83648K, reserved 1179648K
  class space    used 11658K, committed 11968K, reserved 1048576K
}
Event: 37.271 GC heap after
{Heap after GC invocations=22 (full 0):
 garbage-first heap   total 89088K, used 41913K [0x0000000081a00000, 0x0000000100000000)
  region size 1024K, 5 young (5120K), 5 survivors (5120K)
 Metaspace       used 83021K, committed 83648K, reserved 1179648K
  class space    used 11658K, committed 11968K, reserved 1048576K
}
Event: 71.350 GC heap before
{Heap before GC invocations=22 (full 0):
 garbage-first heap   total 89088K, used 70585K [0x0000000081a00000, 0x0000000100000000)
  region size 1024K, 34 young (34816K), 5 survivors (5120K)
 Metaspace       used 88383K, committed 89024K, reserved 1179648K
  class space    used 12402K, committed 12736K, reserved 1048576K
}
Event: 71.358 GC heap after
{Heap after GC invocations=23 (full 0):
 garbage-first heap   total 89088K, used 44062K [0x0000000081a00000, 0x0000000100000000)
  region size 1024K, 3 young (3072K), 3 survivors (3072K)
 Metaspace       used 88383K, committed 89024K, reserved 1179648K
  class space    used 12402K, committed 12736K, reserved 1048576K
}

