# JRE version: OpenJDK Runtime Environment Corretto-17.0.9.8.1 (17.0.9+8) (build 17.0.9+8-LTS)
# Java VM: OpenJDK 64-Bit Server VM Corretto-17.0.9.8.1 (17.0.9+8-LTS, mixed mode, sharing, tiered, compressed oops, compressed class ptrs, g1 gc, windows-amd64)
GC Precious Log:
 CPUs: 8 total, 8 available
 Memory: 8086M
 Large Page Support: Disabled
 NUMA Support: Disabled
 Compressed Oops: Enabled (32-bit)
 Heap Region Size: 1M
 Heap Min Capacity: 8M
 Heap Initial Capacity: 128M
 Heap Max Capacity: 2022M
 Pre-touch: Disabled
 Parallel Workers: 8
 Concurrent Workers: 2
 Concurrent Refinement Workers: 8
 Periodic GC: Disabled
Heap:
 garbage-first heap   total 55296K, used 33383K [0x0000000081a00000, 0x0000000100000000)
  region size 1024K, 17 young (17408K), 2 survivors (2048K)
 Metaspace       used 28748K, committed 29056K, reserved 1114112K
  class space    used 3788K, committed 3968K, reserved 1048576K
GC Heap History (12 events):
Event: 2.959 GC heap before
{Heap before GC invocations=0 (full 0):
 garbage-first heap   total 131072K, used 24576K [0x0000000081a00000, 0x0000000100000000)
  region size 1024K, 23 young (23552K), 0 survivors (0K)
 Metaspace       used 4789K, committed 4928K, reserved 1114112K
  class space    used 525K, committed 576K, reserved 1048576K
}
Event: 2.965 GC heap after
{Heap after GC invocations=1 (full 0):
 garbage-first heap   total 131072K, used 9901K [0x0000000081a00000, 0x0000000100000000)
  region size 1024K, 3 young (3072K), 3 survivors (3072K)
 Metaspace       used 4789K, committed 4928K, reserved 1114112K
  class space    used 525K, committed 576K, reserved 1048576K
}
Event: 3.650 GC heap before
{Heap before GC invocations=1 (full 0):
 garbage-first heap   total 131072K, used 32429K [0x0000000081a00000, 0x0000000100000000)
  region size 1024K, 26 young (26624K), 3 survivors (3072K)
 Metaspace       used 10559K, committed 10880K, reserved 1114112K
  class space    used 1337K, committed 1472K, reserved 1048576K
}
Event: 3.656 GC heap after
{Heap after GC invocations=2 (full 0):
 garbage-first heap   total 131072K, used 11838K [0x0000000081a00000, 0x0000000100000000)
  region size 1024K, 2 young (2048K), 2 survivors (2048K)
 Metaspace       used 10559K, committed 10880K, reserved 1114112K
  class space    used 1337K, committed 1472K, reserved 1048576K
}
Event: 25.350 GC heap before
{Heap before GC invocations=2 (full 0):
 garbage-first heap   total 131072K, used 59966K [0x0000000081a00000, 0x0000000100000000)
  region size 1024K, 51 young (52224K), 2 survivors (2048K)
 Metaspace       used 21185K, committed 21504K, reserved 1114112K
  class space    used 2787K, committed 2944K, reserved 1048576K
}
Event: 25.362 GC heap after
{Heap after GC invocations=3 (full 0):
 garbage-first heap   total 131072K, used 14977K [0x0000000081a00000, 0x0000000100000000)
  region size 1024K, 5 young (5120K), 5 survivors (5120K)
 Metaspace       used 21185K, committed 21504K, reserved 1114112K
  class space    used 2787K, committed 2944K, reserved 1048576K
}
Event: 27.369 GC heap before
{Heap before GC invocations=4 (full 0):
 garbage-first heap   total 55296K, used 39553K [0x0000000081a00000, 0x0000000100000000)
  region size 1024K, 31 young (31744K), 5 survivors (5120K)
 Metaspace       used 23960K, committed 24320K, reserved 1114112K
  class space    used 3076K, committed 3264K, reserved 1048576K
}
Event: 27.395 GC heap after
{Heap after GC invocations=5 (full 0):
 garbage-first heap   total 55296K, used 17553K [0x0000000081a00000, 0x0000000100000000)
  region size 1024K, 3 young (3072K), 3 survivors (3072K)
 Metaspace       used 23960K, committed 24320K, reserved 1114112K
  class space    used 3076K, committed 3264K, reserved 1048576K
}
Event: 27.448 GC heap before
{Heap before GC invocations=5 (full 0):
 garbage-first heap   total 55296K, used 18577K [0x0000000081a00000, 0x0000000100000000)
  region size 1024K, 4 young (4096K), 3 survivors (3072K)
 Metaspace       used 24006K, committed 24384K, reserved 1114112K
  class space    used 3085K, committed 3264K, reserved 1048576K
}
Event: 27.459 GC heap after
{Heap after GC invocations=6 (full 0):
 garbage-first heap   total 55296K, used 18382K [0x0000000081a00000, 0x0000000100000000)
  region size 1024K, 1 young (1024K), 1 survivors (1024K)
 Metaspace       used 24006K, committed 24384K, reserved 1114112K
  class space    used 3085K, committed 3264K, reserved 1048576K
}
Event: 28.346 GC heap before
{Heap before GC invocations=6 (full 0):
 garbage-first heap   total 55296K, used 36814K [0x0000000081a00000, 0x0000000100000000)
  region size 1024K, 19 young (19456K), 1 survivors (1024K)
 Metaspace       used 26711K, committed 27072K, reserved 1114112K
  class space    used 3528K, committed 3712K, reserved 1048576K
}
Event: 28.355 GC heap after
{Heap after GC invocations=7 (full 0):
 garbage-first heap   total 55296K, used 19047K [0x0000000081a00000, 0x0000000100000000)
  region size 1024K, 2 young (2048K), 2 survivors (2048K)
 Metaspace       used 26711K, committed 27072K, reserved 1114112K
  class space    used 3528K, committed 3712K, reserved 1048576K
}

