# JRE version: OpenJDK Runtime Environment Corretto-17.0.9.8.1 (17.0.9+8) (build 17.0.9+8-LTS)
# Java VM: OpenJDK 64-Bit Server VM Corretto-17.0.9.8.1 (17.0.9+8-LTS, mixed mode, sharing, tiered, compressed oops, compressed class ptrs, g1 gc, windows-amd64)
GC Precious Log:
 CPUs: 8 total, 8 available
 Memory: 8086M
 Large Page Support: Disabled
 NUMA Support: Disabled
 Compressed Oops: Enabled (32-bit)
 Heap Region Size: 1M
 Heap Min Capacity: 8M
 Heap Initial Capacity: 128M
 Heap Max Capacity: 2022M
 Pre-touch: Disabled
 Parallel Workers: 8
 Concurrent Workers: 2
 Concurrent Refinement Workers: 8
 Periodic GC: Disabled
Heap:
 garbage-first heap   total 98304K, used 54675K [0x0000000081a00000, 0x0000000100000000)
  region size 1024K, 18 young (18432K), 6 survivors (6144K)
 Metaspace       used 88395K, committed 88960K, reserved 1179648K
  class space    used 12356K, committed 12608K, reserved 1048576K
GC Heap History (20 events):
Event: 16.916 GC heap before
{Heap before GC invocations=11 (full 0):
 garbage-first heap   total 81920K, used 68057K [0x0000000081a00000, 0x0000000100000000)
  region size 1024K, 48 young (49152K), 4 survivors (4096K)
 Metaspace       used 44435K, committed 44864K, reserved 1114112K
  class space    used 5951K, committed 6144K, reserved 1048576K
}
Event: 16.926 GC heap after
{Heap after GC invocations=12 (full 0):
 garbage-first heap   total 81920K, used 25939K [0x0000000081a00000, 0x0000000100000000)
  region size 1024K, 6 young (6144K), 6 survivors (6144K)
 Metaspace       used 44435K, committed 44864K, reserved 1114112K
  class space    used 5951K, committed 6144K, reserved 1048576K
}
Event: 18.441 GC heap before
{Heap before GC invocations=12 (full 0):
 garbage-first heap   total 81920K, used 60755K [0x0000000081a00000, 0x0000000100000000)
  region size 1024K, 40 young (40960K), 6 survivors (6144K)
 Metaspace       used 55321K, committed 55872K, reserved 1114112K
  class space    used 7356K, committed 7616K, reserved 1048576K
}
Event: 18.460 GC heap after
{Heap after GC invocations=13 (full 0):
 garbage-first heap   total 81920K, used 28577K [0x0000000081a00000, 0x0000000100000000)
  region size 1024K, 3 young (3072K), 3 survivors (3072K)
 Metaspace       used 55321K, committed 55872K, reserved 1114112K
  class space    used 7356K, committed 7616K, reserved 1048576K
}
Event: 19.031 GC heap before
{Heap before GC invocations=13 (full 0):
 garbage-first heap   total 81920K, used 40865K [0x0000000081a00000, 0x0000000100000000)
  region size 1024K, 16 young (16384K), 3 survivors (3072K)
 Metaspace       used 59642K, committed 60096K, reserved 1114112K
  class space    used 8114K, committed 8320K, reserved 1048576K
}
Event: 19.041 GC heap after
{Heap after GC invocations=14 (full 0):
 garbage-first heap   total 81920K, used 28644K [0x0000000081a00000, 0x0000000100000000)
  region size 1024K, 3 young (3072K), 3 survivors (3072K)
 Metaspace       used 59642K, committed 60096K, reserved 1114112K
  class space    used 8114K, committed 8320K, reserved 1048576K
}
Event: 20.890 GC heap before
{Heap before GC invocations=15 (full 0):
 garbage-first heap   total 81920K, used 63460K [0x0000000081a00000, 0x0000000100000000)
  region size 1024K, 37 young (37888K), 3 survivors (3072K)
 Metaspace       used 66301K, committed 66880K, reserved 1114112K
  class space    used 9087K, committed 9344K, reserved 1048576K
}
Event: 20.906 GC heap after
{Heap after GC invocations=16 (full 0):
 garbage-first heap   total 81920K, used 30536K [0x0000000081a00000, 0x0000000100000000)
  region size 1024K, 3 young (3072K), 3 survivors (3072K)
 Metaspace       used 66301K, committed 66880K, reserved 1114112K
  class space    used 9087K, committed 9344K, reserved 1048576K
}
Event: 21.905 GC heap before
{Heap before GC invocations=16 (full 0):
 garbage-first heap   total 81920K, used 64328K [0x0000000081a00000, 0x0000000100000000)
  region size 1024K, 36 young (36864K), 3 survivors (3072K)
 Metaspace       used 71445K, committed 72000K, reserved 1114112K
  class space    used 10042K, committed 10304K, reserved 1048576K
}
Event: 21.913 GC heap after
{Heap after GC invocations=17 (full 0):
 garbage-first heap   total 81920K, used 33012K [0x0000000081a00000, 0x0000000100000000)
  region size 1024K, 5 young (5120K), 5 survivors (5120K)
 Metaspace       used 71445K, committed 72000K, reserved 1114112K
  class space    used 10042K, committed 10304K, reserved 1048576K
}
Event: 22.238 GC heap before
{Heap before GC invocations=17 (full 0):
 garbage-first heap   total 81920K, used 64756K [0x0000000081a00000, 0x0000000100000000)
  region size 1024K, 36 young (36864K), 5 survivors (5120K)
 Metaspace       used 72858K, committed 73344K, reserved 1114112K
  class space    used 10213K, committed 10432K, reserved 1048576K
}
Event: 22.247 GC heap after
{Heap after GC invocations=18 (full 0):
 garbage-first heap   total 81920K, used 33820K [0x0000000081a00000, 0x0000000100000000)
  region size 1024K, 4 young (4096K), 4 survivors (4096K)
 Metaspace       used 72858K, committed 73344K, reserved 1114112K
  class space    used 10213K, committed 10432K, reserved 1048576K
}
Event: 22.900 GC heap before
{Heap before GC invocations=18 (full 0):
 garbage-first heap   total 81920K, used 65564K [0x0000000081a00000, 0x0000000100000000)
  region size 1024K, 35 young (35840K), 4 survivors (4096K)
 Metaspace       used 75245K, committed 75776K, reserved 1114112K
  class space    used 10545K, committed 10816K, reserved 1048576K
}
Event: 22.905 GC heap after
{Heap after GC invocations=19 (full 0):
 garbage-first heap   total 81920K, used 35949K [0x0000000081a00000, 0x0000000100000000)
  region size 1024K, 4 young (4096K), 4 survivors (4096K)
 Metaspace       used 75245K, committed 75776K, reserved 1114112K
  class space    used 10545K, committed 10816K, reserved 1048576K
}
Event: 23.331 GC heap before
{Heap before GC invocations=19 (full 0):
 garbage-first heap   total 81920K, used 65645K [0x0000000081a00000, 0x0000000100000000)
  region size 1024K, 33 young (33792K), 4 survivors (4096K)
 Metaspace       used 76677K, committed 77184K, reserved 1179648K
  class space    used 10742K, committed 11008K, reserved 1048576K
}
Event: 23.335 GC heap after
{Heap after GC invocations=20 (full 0):
 garbage-first heap   total 81920K, used 37117K [0x0000000081a00000, 0x0000000100000000)
  region size 1024K, 4 young (4096K), 4 survivors (4096K)
 Metaspace       used 76677K, committed 77184K, reserved 1179648K
  class space    used 10742K, committed 11008K, reserved 1048576K
}
Event: 24.249 GC heap before
{Heap before GC invocations=20 (full 0):
 garbage-first heap   total 81920K, used 65789K [0x0000000081a00000, 0x0000000100000000)
  region size 1024K, 32 young (32768K), 4 survivors (4096K)
 Metaspace       used 80023K, committed 80576K, reserved 1179648K
  class space    used 11197K, committed 11456K, reserved 1048576K
}
Event: 24.254 GC heap after
{Heap after GC invocations=21 (full 0):
 garbage-first heap   total 98304K, used 39820K [0x0000000081a00000, 0x0000000100000000)
  region size 1024K, 4 young (4096K), 4 survivors (4096K)
 Metaspace       used 80023K, committed 80576K, reserved 1179648K
  class space    used 11197K, committed 11456K, reserved 1048576K
}
Event: 52.720 GC heap before
{Heap before GC invocations=21 (full 0):
 garbage-first heap   total 98304K, used 78732K [0x0000000081a00000, 0x0000000100000000)
  region size 1024K, 42 young (43008K), 4 survivors (4096K)
 Metaspace       used 86743K, committed 87360K, reserved 1179648K
  class space    used 12139K, committed 12416K, reserved 1048576K
}
Event: 52.731 GC heap after
{Heap after GC invocations=22 (full 0):
 garbage-first heap   total 98304K, used 43411K [0x0000000081a00000, 0x0000000100000000)
  region size 1024K, 6 young (6144K), 6 survivors (6144K)
 Metaspace       used 86743K, committed 87360K, reserved 1179648K
  class space    used 12139K, committed 12416K, reserved 1048576K
}

