# JRE version: OpenJDK Runtime Environment Corretto-17.0.9.8.1 (17.0.9+8) (build 17.0.9+8-LTS)
# Java VM: OpenJDK 64-Bit Server VM Corretto-17.0.9.8.1 (17.0.9+8-LTS, mixed mode, sharing, tiered, compressed oops, compressed class ptrs, g1 gc, windows-amd64)
GC Precious Log:
 CPUs: 8 total, 8 available
 Memory: 8086M
 Large Page Support: Disabled
 NUMA Support: Disabled
 Compressed Oops: Enabled (32-bit)
 Heap Region Size: 1M
 Heap Min Capacity: 8M
 Heap Initial Capacity: 128M
 Heap Max Capacity: 2022M
 Pre-touch: Disabled
 Parallel Workers: 8
 Concurrent Workers: 2
 Concurrent Refinement Workers: 8
 Periodic GC: Disabled
Heap:
 garbage-first heap   total 55296K, used 25715K [0x0000000081a00000, 0x0000000100000000)
  region size 1024K, 8 young (8192K), 3 survivors (3072K)
 Metaspace       used 32956K, committed 33344K, reserved 1114112K
  class space    used 4401K, committed 4608K, reserved 1048576K
GC Heap History (14 events):
Event: 1.703 GC heap before
{Heap before GC invocations=0 (full 0):
 garbage-first heap   total 131072K, used 24576K [0x0000000081a00000, 0x0000000100000000)
  region size 1024K, 23 young (23552K), 0 survivors (0K)
 Metaspace       used 4773K, committed 4928K, reserved 1114112K
  class space    used 521K, committed 576K, reserved 1048576K
}
Event: 1.722 GC heap after
{Heap after GC invocations=1 (full 0):
 garbage-first heap   total 131072K, used 9763K [0x0000000081a00000, 0x0000000100000000)
  region size 1024K, 3 young (3072K), 3 survivors (3072K)
 Metaspace       used 4773K, committed 4928K, reserved 1114112K
  class space    used 521K, committed 576K, reserved 1048576K
}
Event: 3.112 GC heap before
{Heap before GC invocations=1 (full 0):
 garbage-first heap   total 131072K, used 33315K [0x0000000081a00000, 0x0000000100000000)
  region size 1024K, 26 young (26624K), 3 survivors (3072K)
 Metaspace       used 10529K, committed 10816K, reserved 1114112K
  class space    used 1335K, committed 1472K, reserved 1048576K
}
Event: 3.119 GC heap after
{Heap after GC invocations=2 (full 0):
 garbage-first heap   total 131072K, used 11944K [0x0000000081a00000, 0x0000000100000000)
  region size 1024K, 2 young (2048K), 2 survivors (2048K)
 Metaspace       used 10529K, committed 10816K, reserved 1114112K
  class space    used 1335K, committed 1472K, reserved 1048576K
}
Event: 19.224 GC heap before
{Heap before GC invocations=2 (full 0):
 garbage-first heap   total 131072K, used 59048K [0x0000000081a00000, 0x0000000100000000)
  region size 1024K, 50 young (51200K), 2 survivors (2048K)
 Metaspace       used 21209K, committed 21504K, reserved 1114112K
  class space    used 2785K, committed 2944K, reserved 1048576K
}
Event: 19.235 GC heap after
{Heap after GC invocations=3 (full 0):
 garbage-first heap   total 131072K, used 15186K [0x0000000081a00000, 0x0000000100000000)
  region size 1024K, 5 young (5120K), 5 survivors (5120K)
 Metaspace       used 21209K, committed 21504K, reserved 1114112K
  class space    used 2785K, committed 2944K, reserved 1048576K
}
Event: 21.647 GC heap before
{Heap before GC invocations=4 (full 0):
 garbage-first heap   total 55296K, used 40786K [0x0000000081a00000, 0x0000000100000000)
  region size 1024K, 31 young (31744K), 5 survivors (5120K)
 Metaspace       used 23976K, committed 24320K, reserved 1114112K
  class space    used 3074K, committed 3200K, reserved 1048576K
}
Event: 21.664 GC heap after
{Heap after GC invocations=5 (full 0):
 garbage-first heap   total 55296K, used 17815K [0x0000000081a00000, 0x0000000100000000)
  region size 1024K, 3 young (3072K), 3 survivors (3072K)
 Metaspace       used 23976K, committed 24320K, reserved 1114112K
  class space    used 3074K, committed 3200K, reserved 1048576K
}
Event: 24.773 GC heap before
{Heap before GC invocations=5 (full 0):
 garbage-first heap   total 55296K, used 35223K [0x0000000081a00000, 0x0000000100000000)
  region size 1024K, 21 young (21504K), 3 survivors (3072K)
 Metaspace       used 26598K, committed 26944K, reserved 1114112K
  class space    used 3512K, committed 3648K, reserved 1048576K
}
Event: 24.785 GC heap after
{Heap after GC invocations=6 (full 0):
 garbage-first heap   total 55296K, used 18931K [0x0000000081a00000, 0x0000000100000000)
  region size 1024K, 2 young (2048K), 2 survivors (2048K)
 Metaspace       used 26598K, committed 26944K, reserved 1114112K
  class space    used 3512K, committed 3648K, reserved 1048576K
}
Event: 26.637 GC heap before
{Heap before GC invocations=6 (full 0):
 garbage-first heap   total 55296K, used 36339K [0x0000000081a00000, 0x0000000100000000)
  region size 1024K, 20 young (20480K), 2 survivors (2048K)
 Metaspace       used 29015K, committed 29312K, reserved 1114112K
  class space    used 3826K, committed 3968K, reserved 1048576K
}
Event: 26.650 GC heap after
{Heap after GC invocations=7 (full 0):
 garbage-first heap   total 55296K, used 19965K [0x0000000081a00000, 0x0000000100000000)
  region size 1024K, 3 young (3072K), 3 survivors (3072K)
 Metaspace       used 29015K, committed 29312K, reserved 1114112K
  class space    used 3826K, committed 3968K, reserved 1048576K
}
Event: 28.341 GC heap before
{Heap before GC invocations=7 (full 0):
 garbage-first heap   total 55296K, used 37373K [0x0000000081a00000, 0x0000000100000000)
  region size 1024K, 21 young (21504K), 3 survivors (3072K)
 Metaspace       used 32157K, committed 32576K, reserved 1114112K
  class space    used 4264K, committed 4480K, reserved 1048576K
}
Event: 28.355 GC heap after
{Heap after GC invocations=8 (full 0):
 garbage-first heap   total 55296K, used 21619K [0x0000000081a00000, 0x0000000100000000)
  region size 1024K, 3 young (3072K), 3 survivors (3072K)
 Metaspace       used 32157K, committed 32576K, reserved 1114112K
  class space    used 4264K, committed 4480K, reserved 1048576K
}

