# JRE version: OpenJDK Runtime Environment Corretto-17.0.9.8.1 (17.0.9+8) (build 17.0.9+8-LTS)
# Java VM: OpenJDK 64-Bit Server VM Corretto-17.0.9.8.1 (17.0.9+8-LTS, mixed mode, sharing, tiered, compressed oops, compressed class ptrs, g1 gc, windows-amd64)
GC Precious Log:
 CPUs: 8 total, 8 available
 Memory: 8086M
 Large Page Support: Disabled
 NUMA Support: Disabled
 Compressed Oops: Enabled (32-bit)
 Heap Region Size: 1M
 Heap Min Capacity: 8M
 Heap Initial Capacity: 128M
 Heap Max Capacity: 2022M
 Pre-touch: Disabled
 Parallel Workers: 8
 Concurrent Workers: 2
 Concurrent Refinement Workers: 8
 Periodic GC: Disabled
Heap:
 garbage-first heap   total 58368K, used 37604K [0x0000000081a00000, 0x0000000100000000)
  region size 1024K, 16 young (16384K), 1 survivors (1024K)
 Metaspace       used 37489K, committed 37952K, reserved 1114112K
  class space    used 4938K, committed 5184K, reserved 1048576K
GC Heap History (18 events):
Event: 1.954 GC heap before
{Heap before GC invocations=0 (full 0):
 garbage-first heap   total 131072K, used 24576K [0x0000000081a00000, 0x0000000100000000)
  region size 1024K, 23 young (23552K), 0 survivors (0K)
 Metaspace       used 4776K, committed 4928K, reserved 1114112K
  class space    used 521K, committed 576K, reserved 1048576K
}
Event: 1.973 GC heap after
{Heap after GC invocations=1 (full 0):
 garbage-first heap   total 131072K, used 10193K [0x0000000081a00000, 0x0000000100000000)
  region size 1024K, 3 young (3072K), 3 survivors (3072K)
 Metaspace       used 4776K, committed 4928K, reserved 1114112K
  class space    used 521K, committed 576K, reserved 1048576K
}
Event: 3.466 GC heap before
{Heap before GC invocations=1 (full 0):
 garbage-first heap   total 131072K, used 32721K [0x0000000081a00000, 0x0000000100000000)
  region size 1024K, 25 young (25600K), 3 survivors (3072K)
 Metaspace       used 10385K, committed 10624K, reserved 1114112K
  class space    used 1310K, committed 1408K, reserved 1048576K
}
Event: 3.475 GC heap after
{Heap after GC invocations=2 (full 0):
 garbage-first heap   total 131072K, used 12035K [0x0000000081a00000, 0x0000000100000000)
  region size 1024K, 2 young (2048K), 2 survivors (2048K)
 Metaspace       used 10385K, committed 10624K, reserved 1114112K
  class space    used 1310K, committed 1408K, reserved 1048576K
}
Event: 66.075 GC heap before
{Heap before GC invocations=2 (full 0):
 garbage-first heap   total 131072K, used 59139K [0x0000000081a00000, 0x0000000100000000)
  region size 1024K, 49 young (50176K), 2 survivors (2048K)
 Metaspace       used 20666K, committed 20992K, reserved 1114112K
  class space    used 2710K, committed 2880K, reserved 1048576K
}
Event: 66.086 GC heap after
{Heap after GC invocations=3 (full 0):
 garbage-first heap   total 131072K, used 15093K [0x0000000081a00000, 0x0000000100000000)
  region size 1024K, 5 young (5120K), 5 survivors (5120K)
 Metaspace       used 20666K, committed 20992K, reserved 1114112K
  class space    used 2710K, committed 2880K, reserved 1048576K
}
Event: 77.328 GC heap before
{Heap before GC invocations=3 (full 0):
 garbage-first heap   total 131072K, used 17141K [0x0000000081a00000, 0x0000000100000000)
  region size 1024K, 8 young (8192K), 5 survivors (5120K)
 Metaspace       used 21227K, committed 21504K, reserved 1114112K
  class space    used 2778K, committed 2944K, reserved 1048576K
}
Event: 77.354 GC heap after
{Heap after GC invocations=4 (full 0):
 garbage-first heap   total 131072K, used 15528K [0x0000000081a00000, 0x0000000100000000)
  region size 1024K, 6 young (6144K), 6 survivors (6144K)
 Metaspace       used 21227K, committed 21504K, reserved 1114112K
  class space    used 2778K, committed 2944K, reserved 1048576K
}
Event: 94.639 GC heap before
{Heap before GC invocations=5 (full 0):
 garbage-first heap   total 58368K, used 42152K [0x0000000081a00000, 0x0000000100000000)
  region size 1024K, 34 young (34816K), 6 survivors (6144K)
 Metaspace       used 24038K, committed 24384K, reserved 1114112K
  class space    used 3080K, committed 3200K, reserved 1048576K
}
Event: 94.664 GC heap after
{Heap after GC invocations=6 (full 0):
 garbage-first heap   total 58368K, used 18326K [0x0000000081a00000, 0x0000000100000000)
  region size 1024K, 4 young (4096K), 4 survivors (4096K)
 Metaspace       used 24038K, committed 24384K, reserved 1114112K
  class space    used 3080K, committed 3200K, reserved 1048576K
}
Event: 96.968 GC heap before
{Heap before GC invocations=6 (full 0):
 garbage-first heap   total 58368K, used 39830K [0x0000000081a00000, 0x0000000100000000)
  region size 1024K, 25 young (25600K), 4 survivors (4096K)
 Metaspace       used 27073K, committed 27392K, reserved 1114112K
  class space    used 3492K, committed 3648K, reserved 1048576K
}
Event: 96.981 GC heap after
{Heap after GC invocations=7 (full 0):
 garbage-first heap   total 58368K, used 19323K [0x0000000081a00000, 0x0000000100000000)
  region size 1024K, 2 young (2048K), 2 survivors (2048K)
 Metaspace       used 27073K, committed 27392K, reserved 1114112K
  class space    used 3492K, committed 3648K, reserved 1048576K
}
Event: 111.094 GC heap before
{Heap before GC invocations=7 (full 0):
 garbage-first heap   total 58368K, used 40827K [0x0000000081a00000, 0x0000000100000000)
  region size 1024K, 23 young (23552K), 2 survivors (2048K)
 Metaspace       used 30348K, committed 30720K, reserved 1114112K
  class space    used 3987K, committed 4160K, reserved 1048576K
}
Event: 111.108 GC heap after
{Heap after GC invocations=8 (full 0):
 garbage-first heap   total 58368K, used 20608K [0x0000000081a00000, 0x0000000100000000)
  region size 1024K, 3 young (3072K), 3 survivors (3072K)
 Metaspace       used 30348K, committed 30720K, reserved 1114112K
  class space    used 3987K, committed 4160K, reserved 1048576K
}
Event: 113.563 GC heap before
{Heap before GC invocations=8 (full 0):
 garbage-first heap   total 58368K, used 42112K [0x0000000081a00000, 0x0000000100000000)
  region size 1024K, 24 young (24576K), 3 survivors (3072K)
 Metaspace       used 34108K, committed 34496K, reserved 1114112K
  class space    used 4537K, committed 4736K, reserved 1048576K
}
Event: 113.581 GC heap after
{Heap after GC invocations=9 (full 0):
 garbage-first heap   total 58368K, used 22417K [0x0000000081a00000, 0x0000000100000000)
  region size 1024K, 3 young (3072K), 3 survivors (3072K)
 Metaspace       used 34108K, committed 34496K, reserved 1114112K
  class space    used 4537K, committed 4736K, reserved 1048576K
}
Event: 114.153 GC heap before
{Heap before GC invocations=9 (full 0):
 garbage-first heap   total 58368K, used 27537K [0x0000000081a00000, 0x0000000100000000)
  region size 1024K, 9 young (9216K), 3 survivors (3072K)
 Metaspace       used 35563K, committed 35968K, reserved 1114112K
  class space    used 4680K, committed 4864K, reserved 1048576K
}
Event: 114.169 GC heap after
{Heap after GC invocations=10 (full 0):
 garbage-first heap   total 58368K, used 23268K [0x0000000081a00000, 0x0000000100000000)
  region size 1024K, 1 young (1024K), 1 survivors (1024K)
 Metaspace       used 35563K, committed 35968K, reserved 1114112K
  class space    used 4680K, committed 4864K, reserved 1048576K
}

