# JRE version: OpenJDK Runtime Environment Corretto-17.0.9.8.1 (17.0.9+8) (build 17.0.9+8-LTS)
# Java VM: OpenJDK 64-Bit Server VM Corretto-17.0.9.8.1 (17.0.9+8-LTS, mixed mode, sharing, tiered, compressed oops, compressed class ptrs, g1 gc, windows-amd64)
GC Precious Log:
 CPUs: 8 total, 8 available
 Memory: 8086M
 Large Page Support: Disabled
 NUMA Support: Disabled
 Compressed Oops: Enabled (32-bit)
 Heap Region Size: 1M
 Heap Min Capacity: 8M
 Heap Initial Capacity: 128M
 Heap Max Capacity: 2022M
 Pre-touch: Disabled
 Parallel Workers: 8
 Concurrent Workers: 2
 Concurrent Refinement Workers: 8
 Periodic GC: Disabled
Heap:
 garbage-first heap   total 76800K, used 44022K [0x0000000081a00000, 0x0000000100000000)
  region size 1024K, 2 young (2048K), 2 survivors (2048K)
 Metaspace       used 88534K, committed 89152K, reserved 1179648K
  class space    used 12269K, committed 12544K, reserved 1048576K
GC Heap History (20 events):
Event: 28.313 GC heap after
{Heap after GC invocations=19 (full 0):
 garbage-first heap   total 71680K, used 31902K [0x0000000081a00000, 0x0000000100000000)
  region size 1024K, 4 young (4096K), 4 survivors (4096K)
 Metaspace       used 67701K, committed 68224K, reserved 1114112K
  class space    used 9178K, committed 9408K, reserved 1048576K
}
Event: 29.039 GC heap before
{Heap before GC invocations=19 (full 0):
 garbage-first heap   total 71680K, used 58526K [0x0000000081a00000, 0x0000000100000000)
  region size 1024K, 30 young (30720K), 4 survivors (4096K)
 Metaspace       used 71369K, committed 71872K, reserved 1114112K
  class space    used 9902K, committed 10112K, reserved 1048576K
}
Event: 29.053 GC heap after
{Heap after GC invocations=20 (full 0):
 garbage-first heap   total 71680K, used 33929K [0x0000000081a00000, 0x0000000100000000)
  region size 1024K, 4 young (4096K), 4 survivors (4096K)
 Metaspace       used 71369K, committed 71872K, reserved 1114112K
  class space    used 9902K, committed 10112K, reserved 1048576K
}
Event: 29.520 GC heap before
{Heap before GC invocations=20 (full 0):
 garbage-first heap   total 71680K, used 57481K [0x0000000081a00000, 0x0000000100000000)
  region size 1024K, 28 young (28672K), 4 survivors (4096K)
 Metaspace       used 73253K, committed 73792K, reserved 1114112K
  class space    used 10162K, committed 10432K, reserved 1048576K
}
Event: 29.532 GC heap after
{Heap after GC invocations=21 (full 0):
 garbage-first heap   total 71680K, used 34778K [0x0000000081a00000, 0x0000000100000000)
  region size 1024K, 1 young (1024K), 1 survivors (1024K)
 Metaspace       used 73253K, committed 73792K, reserved 1114112K
  class space    used 10162K, committed 10432K, reserved 1048576K
}
Event: 30.356 GC heap before
{Heap before GC invocations=21 (full 0):
 garbage-first heap   total 71680K, used 58330K [0x0000000081a00000, 0x0000000100000000)
  region size 1024K, 25 young (25600K), 1 survivors (1024K)
 Metaspace       used 75514K, committed 76032K, reserved 1179648K
  class space    used 10473K, committed 10688K, reserved 1048576K
}
Event: 30.362 GC heap after
{Heap after GC invocations=22 (full 0):
 garbage-first heap   total 71680K, used 35971K [0x0000000081a00000, 0x0000000100000000)
  region size 1024K, 3 young (3072K), 3 survivors (3072K)
 Metaspace       used 75514K, committed 76032K, reserved 1179648K
  class space    used 10473K, committed 10688K, reserved 1048576K
}
Event: 30.905 GC heap before
{Heap before GC invocations=23 (full 0):
 garbage-first heap   total 71680K, used 57475K [0x0000000081a00000, 0x0000000100000000)
  region size 1024K, 25 young (25600K), 3 survivors (3072K)
 Metaspace       used 76021K, committed 76544K, reserved 1179648K
  class space    used 10579K, committed 10816K, reserved 1048576K
}
Event: 30.909 GC heap after
{Heap after GC invocations=24 (full 0):
 garbage-first heap   total 71680K, used 37073K [0x0000000081a00000, 0x0000000100000000)
  region size 1024K, 3 young (3072K), 3 survivors (3072K)
 Metaspace       used 76021K, committed 76544K, reserved 1179648K
  class space    used 10579K, committed 10816K, reserved 1048576K
}
Event: 33.193 GC heap before
{Heap before GC invocations=24 (full 0):
 garbage-first heap   total 71680K, used 58577K [0x0000000081a00000, 0x0000000100000000)
  region size 1024K, 24 young (24576K), 3 survivors (3072K)
 Metaspace       used 76366K, committed 76864K, reserved 1179648K
  class space    used 10611K, committed 10816K, reserved 1048576K
}
Event: 33.197 GC heap after
{Heap after GC invocations=25 (full 0):
 garbage-first heap   total 71680K, used 37605K [0x0000000081a00000, 0x0000000100000000)
  region size 1024K, 2 young (2048K), 2 survivors (2048K)
 Metaspace       used 76366K, committed 76864K, reserved 1179648K
  class space    used 10611K, committed 10816K, reserved 1048576K
}
Event: 40.955 GC heap before
{Heap before GC invocations=26 (full 0):
 garbage-first heap   total 71680K, used 59109K [0x0000000081a00000, 0x0000000100000000)
  region size 1024K, 23 young (23552K), 2 survivors (2048K)
 Metaspace       used 78920K, committed 79488K, reserved 1179648K
  class space    used 10970K, committed 11264K, reserved 1048576K
}
Event: 40.960 GC heap after
{Heap after GC invocations=27 (full 0):
 garbage-first heap   total 71680K, used 38901K [0x0000000081a00000, 0x0000000100000000)
  region size 1024K, 3 young (3072K), 3 survivors (3072K)
 Metaspace       used 78920K, committed 79488K, reserved 1179648K
  class space    used 10970K, committed 11264K, reserved 1048576K
}
Event: 42.362 GC heap before
{Heap before GC invocations=27 (full 0):
 garbage-first heap   total 71680K, used 59381K [0x0000000081a00000, 0x0000000100000000)
  region size 1024K, 23 young (23552K), 3 survivors (3072K)
 Metaspace       used 81073K, committed 81728K, reserved 1179648K
  class space    used 11267K, committed 11584K, reserved 1048576K
}
Event: 42.367 GC heap after
{Heap after GC invocations=28 (full 0):
 garbage-first heap   total 71680K, used 40642K [0x0000000081a00000, 0x0000000100000000)
  region size 1024K, 3 young (3072K), 3 survivors (3072K)
 Metaspace       used 81073K, committed 81728K, reserved 1179648K
  class space    used 11267K, committed 11584K, reserved 1048576K
}
Event: 679.270 GC heap before
{Heap before GC invocations=29 (full 0):
 garbage-first heap   total 71680K, used 60098K [0x0000000081a00000, 0x0000000100000000)
  region size 1024K, 22 young (22528K), 3 survivors (3072K)
 Metaspace       used 84582K, committed 85184K, reserved 1179648K
  class space    used 11731K, committed 12032K, reserved 1048576K
}
Event: 679.359 GC heap after
{Heap after GC invocations=30 (full 0):
 garbage-first heap   total 71680K, used 42406K [0x0000000081a00000, 0x0000000100000000)
  region size 1024K, 2 young (2048K), 2 survivors (2048K)
 Metaspace       used 84582K, committed 85184K, reserved 1179648K
  class space    used 11731K, committed 12032K, reserved 1048576K
}
Event: 691.428 GC heap before
{Heap before GC invocations=30 (full 0):
 garbage-first heap   total 71680K, used 58790K [0x0000000081a00000, 0x0000000100000000)
  region size 1024K, 19 young (19456K), 2 survivors (2048K)
 Metaspace       used 87922K, committed 88512K, reserved 1179648K
  class space    used 12208K, committed 12480K, reserved 1048576K
}
Event: 691.684 GC heap after
{Heap after GC invocations=31 (full 0):
 garbage-first heap   total 71680K, used 43384K [0x0000000081a00000, 0x0000000100000000)
  region size 1024K, 2 young (2048K), 2 survivors (2048K)
 Metaspace       used 87922K, committed 88512K, reserved 1179648K
  class space    used 12208K, committed 12480K, reserved 1048576K
}
Event: 1823.962 GC heap before
{Heap before GC invocations=32 (full 0):
 garbage-first heap   total 76800K, used 58744K [0x0000000081a00000, 0x0000000100000000)
  region size 1024K, 17 young (17408K), 2 survivors (2048K)
 Metaspace       used 88534K, committed 89152K, reserved 1179648K
  class space    used 12269K, committed 12544K, reserved 1048576K
}

