# JRE version: OpenJDK Runtime Environment Corretto-17.0.9.8.1 (17.0.9+8) (build 17.0.9+8-LTS)
# Java VM: OpenJDK 64-Bit Server VM Corretto-17.0.9.8.1 (17.0.9+8-LTS, mixed mode, sharing, tiered, compressed oops, compressed class ptrs, g1 gc, windows-amd64)
GC Precious Log:
 CPUs: 8 total, 8 available
 Memory: 8086M
 Large Page Support: Disabled
 NUMA Support: Disabled
 Compressed Oops: Enabled (32-bit)
 Heap Region Size: 1M
 Heap Min Capacity: 8M
 Heap Initial Capacity: 128M
 Heap Max Capacity: 2022M
 Pre-touch: Disabled
 Parallel Workers: 8
 Concurrent Workers: 2
 Concurrent Refinement Workers: 8
 Periodic GC: Disabled
Heap:
 garbage-first heap   total 58368K, used 25774K [0x0000000081a00000, 0x0000000100000000)
  region size 1024K, 8 young (8192K), 3 survivors (3072K)
 Metaspace       used 33558K, committed 33984K, reserved 1114112K
  class space    used 4405K, committed 4608K, reserved 1048576K
GC Heap History (14 events):
Event: 2.883 GC heap before
{Heap before GC invocations=0 (full 0):
 garbage-first heap   total 131072K, used 24576K [0x0000000081a00000, 0x0000000100000000)
  region size 1024K, 23 young (23552K), 0 survivors (0K)
 Metaspace       used 3741K, committed 3904K, reserved 1114112K
  class space    used 379K, committed 448K, reserved 1048576K
}
Event: 2.890 GC heap after
{Heap after GC invocations=1 (full 0):
 garbage-first heap   total 131072K, used 9519K [0x0000000081a00000, 0x0000000100000000)
  region size 1024K, 3 young (3072K), 3 survivors (3072K)
 Metaspace       used 3741K, committed 3904K, reserved 1114112K
  class space    used 379K, committed 448K, reserved 1048576K
}
Event: 4.787 GC heap before
{Heap before GC invocations=1 (full 0):
 garbage-first heap   total 131072K, used 34095K [0x0000000081a00000, 0x0000000100000000)
  region size 1024K, 27 young (27648K), 3 survivors (3072K)
 Metaspace       used 8953K, committed 9152K, reserved 1114112K
  class space    used 1131K, committed 1216K, reserved 1048576K
}
Event: 4.794 GC heap after
{Heap after GC invocations=2 (full 0):
 garbage-first heap   total 131072K, used 11169K [0x0000000081a00000, 0x0000000100000000)
  region size 1024K, 2 young (2048K), 2 survivors (2048K)
 Metaspace       used 8953K, committed 9152K, reserved 1114112K
  class space    used 1131K, committed 1216K, reserved 1048576K
}
Event: 22.940 GC heap before
{Heap before GC invocations=2 (full 0):
 garbage-first heap   total 131072K, used 74657K [0x0000000081a00000, 0x0000000100000000)
  region size 1024K, 66 young (67584K), 2 survivors (2048K)
 Metaspace       used 21222K, committed 21504K, reserved 1114112K
  class space    used 2759K, committed 2880K, reserved 1048576K
}
Event: 22.950 GC heap after
{Heap after GC invocations=3 (full 0):
 garbage-first heap   total 131072K, used 15142K [0x0000000081a00000, 0x0000000100000000)
  region size 1024K, 6 young (6144K), 6 survivors (6144K)
 Metaspace       used 21222K, committed 21504K, reserved 1114112K
  class space    used 2759K, committed 2880K, reserved 1048576K
}
Event: 25.417 GC heap before
{Heap before GC invocations=4 (full 0):
 garbage-first heap   total 58368K, used 42790K [0x0000000081a00000, 0x0000000100000000)
  region size 1024K, 34 young (34816K), 6 survivors (6144K)
 Metaspace       used 24187K, committed 24448K, reserved 1114112K
  class space    used 3068K, committed 3200K, reserved 1048576K
}
Event: 25.438 GC heap after
{Heap after GC invocations=5 (full 0):
 garbage-first heap   total 58368K, used 17867K [0x0000000081a00000, 0x0000000100000000)
  region size 1024K, 3 young (3072K), 3 survivors (3072K)
 Metaspace       used 24187K, committed 24448K, reserved 1114112K
  class space    used 3068K, committed 3200K, reserved 1048576K
}
Event: 28.465 GC heap before
{Heap before GC invocations=5 (full 0):
 garbage-first heap   total 58368K, used 37323K [0x0000000081a00000, 0x0000000100000000)
  region size 1024K, 23 young (23552K), 3 survivors (3072K)
 Metaspace       used 26620K, committed 26944K, reserved 1114112K
  class space    used 3482K, committed 3648K, reserved 1048576K
}
Event: 28.477 GC heap after
{Heap after GC invocations=6 (full 0):
 garbage-first heap   total 58368K, used 19038K [0x0000000081a00000, 0x0000000100000000)
  region size 1024K, 2 young (2048K), 2 survivors (2048K)
 Metaspace       used 26620K, committed 26944K, reserved 1114112K
  class space    used 3482K, committed 3648K, reserved 1048576K
}
Event: 30.355 GC heap before
{Heap before GC invocations=6 (full 0):
 garbage-first heap   total 58368K, used 40542K [0x0000000081a00000, 0x0000000100000000)
  region size 1024K, 23 young (23552K), 2 survivors (2048K)
 Metaspace       used 29255K, committed 29568K, reserved 1114112K
  class space    used 3818K, committed 3968K, reserved 1048576K
}
Event: 30.369 GC heap after
{Heap after GC invocations=7 (full 0):
 garbage-first heap   total 58368K, used 19780K [0x0000000081a00000, 0x0000000100000000)
  region size 1024K, 3 young (3072K), 3 survivors (3072K)
 Metaspace       used 29255K, committed 29568K, reserved 1114112K
  class space    used 3818K, committed 3968K, reserved 1048576K
}
Event: 32.121 GC heap before
{Heap before GC invocations=7 (full 0):
 garbage-first heap   total 58368K, used 41284K [0x0000000081a00000, 0x0000000100000000)
  region size 1024K, 24 young (24576K), 3 survivors (3072K)
 Metaspace       used 32780K, committed 33216K, reserved 1114112K
  class space    used 4282K, committed 4480K, reserved 1048576K
}
Event: 32.137 GC heap after
{Heap after GC invocations=8 (full 0):
 garbage-first heap   total 58368K, used 21678K [0x0000000081a00000, 0x0000000100000000)
  region size 1024K, 3 young (3072K), 3 survivors (3072K)
 Metaspace       used 32780K, committed 33216K, reserved 1114112K
  class space    used 4282K, committed 4480K, reserved 1048576K
}

